

VIM - Vi IMproved 8.1 (2018 May 18, compiled Apr 15 2020 06:40:31)
Included patches: 1-2269
Modified by team+vim@tracker.debian.org
Compiled by team+vim@tracker.debian.org
Huge version without GUI.  Features included (+) or not (-):
+acl               -dnd               +localmap          +profile           +timers
+arabic            -ebcdic            -lua               -python            +title
+autocmd           +emacs_tags        +menu              +python3           -toolbar
+autochdir         +eval              +mksession         +quickfix          +user_commands
-autoservername    +ex_extra          +modify_fname      +reltime           +vartabs
-balloon_eval      +extra_search      +mouse             +rightleft         +vertsplit
+balloon_eval_term -farsi             -mouseshape        -ruby              +virtualedit
-browse            +file_in_path      +mouse_dec         +scrollbind        +visual
++builtin_terms    +find_in_path      +mouse_gpm         +signs             +visualextra
+byte_offset       +float             -mouse_jsbterm     +smartindent       +viminfo
+channel           +folding           +mouse_netterm     +sound             +vreplace
+cindent           -footer            +mouse_sgr         +spell             +wildignore
-clientserver      +fork()            -mouse_sysmouse    +startuptime       +wildmenu
-clipboard         +gettext           +mouse_urxvt       +statusline        +windows
+cmdline_compl     -hangul_input      +mouse_xterm       -sun_workshop      +writebackup
+cmdline_hist      +iconv             +multi_byte        +syntax            -X11
+cmdline_info      +insert_expand     +multi_lang        +tag_binary        -xfontset
+comments          +job               -mzscheme          -tag_old_static    -xim
+conceal           +jumplist          +netbeans_intg     -tag_any_white     -xpm
+cryptv            +keymap            +num64             -tcl               -xsmp
+cscope            +lambda            +packages          +termguicolors     -xterm_clipboard
+cursorbind        +langmap           +path_extra        +terminal          -xterm_save
+cursorshape       +libcall           -perl              +terminfo          
+dialog_con        +linebreak         +persistent_undo   +termresponse      
+diff              +lispindent        +postscript        +textobjects       
+digraphs          +listcmds          +printer           +textprop          
   system vimrc file: "$VIM/vimrc"
     user vimrc file: "$HOME/.vimrc"
 2nd user vimrc file: "~/.vim/vimrc"
      user exrc file: "$HOME/.exrc"
       defaults file: "$VIMRUNTIME/defaults.vim"
  fall-back for $VIM: "/usr/share/vim"
Compilation: gcc -c -I. -Iproto -DHAVE_CONFIG_H   -Wdate-time  -g -O2 -fdebug-prefix-map=/build/vim-9aeY1e/vim-8.1.2269=. -fstack-protector-strong -Wformat -Werror=format-security -D_REENTRANT -U_FORTIFY_SOURCE -D_FORTIFY_SOURCE=1       
Linking: gcc   -Wl,-Bsymbolic-functions -Wl,-z,relro -Wl,-z,now -Wl,--as-needed -o vim        -lm -ltinfo -lnsl  -lselinux  -lcanberra -lacl -lattr -lgpm -ldl     -L/usr/lib/python3.8/config-3.8-aarch64-linux-gnu -lpython3.8 -lcrypt -lpthread -ldl -lutil -lm -lm      2021-02-20 10:38:46.545204: OpenWindow called with flags: ''
2021-02-20 10:38:46.545956: OpenWindow finished, Tagbar already open
2021-02-20 10:38:49.718937: AutoUpdate called [/root/Device_Driver/007_gpio_sysfs/__Tagbar__.1]
2021-02-20 10:38:49.719626: In Tagbar window, stopping processing
2021-02-20 10:38:51.254483: RenderContent called
2021-02-20 10:38:51.255009: Redisplaying file [/root/Device_Driver/007_gpio_sysfs/pcd_platform_driver.c]
2021-02-20 10:38:51.256837: PrintKinds called
2021-02-20 10:38:51.257120: Printing kind: d, number of (top-level) tags: 0
2021-02-20 10:38:51.257320: Printing kind: p, number of (top-level) tags: 3
2021-02-20 10:38:51.257635: Printing kind: g, number of (top-level) tags: 0
2021-02-20 10:38:51.257788: Printing kind: e, number of (top-level) tags: 0
2021-02-20 10:38:51.257939: Printing kind: t, number of (top-level) tags: 0
2021-02-20 10:38:51.258093: Printing kind: s, number of (top-level) tags: 0
2021-02-20 10:38:51.258332: Printing kind: u, number of (top-level) tags: 0
2021-02-20 10:38:51.258484: Printing kind: m, number of (top-level) tags: 0
2021-02-20 10:38:51.258631: Printing kind: v, number of (top-level) tags: 10
2021-02-20 10:38:51.260092: Printing kind: f, number of (top-level) tags: 15
2021-02-20 10:38:51.261791: Printing kind: ?, number of (top-level) tags: 0
2021-02-20 10:38:56.482643: AutoUpdate called [/root/Device_Driver/007_gpio_sysfs/__Tagbar__.1]
2021-02-20 10:38:56.483086: In Tagbar window, stopping processing
2021-02-20 10:39:12.479352: RenderContent called
2021-02-20 10:39:12.480085: Redisplaying file [/root/Device_Driver/007_gpio_sysfs/pcd_platform_driver.c]
2021-02-20 10:39:12.482681: PrintKinds called
2021-02-20 10:39:12.482983: Printing kind: d, number of (top-level) tags: 0
2021-02-20 10:39:12.483205: Printing kind: p, number of (top-level) tags: 3
2021-02-20 10:39:12.483613: Printing kind: g, number of (top-level) tags: 0
2021-02-20 10:39:12.483825: Printing kind: e, number of (top-level) tags: 0
2021-02-20 10:39:12.483974: Printing kind: t, number of (top-level) tags: 0
2021-02-20 10:39:12.484129: Printing kind: s, number of (top-level) tags: 0
2021-02-20 10:39:12.484276: Printing kind: u, number of (top-level) tags: 0
2021-02-20 10:39:12.484423: Printing kind: m, number of (top-level) tags: 0
2021-02-20 10:39:12.484568: Printing kind: v, number of (top-level) tags: 10
2021-02-20 10:39:12.484851: Printing kind: f, number of (top-level) tags: 15
2021-02-20 10:39:12.485109: Printing kind: ?, number of (top-level) tags: 0
2021-02-20 10:39:12.986298: RenderContent called
2021-02-20 10:39:12.987045: Redisplaying file [/root/Device_Driver/007_gpio_sysfs/pcd_platform_driver.c]
2021-02-20 10:39:12.989441: PrintKinds called
2021-02-20 10:39:12.989779: Printing kind: d, number of (top-level) tags: 0
2021-02-20 10:39:12.990005: Printing kind: p, number of (top-level) tags: 3
2021-02-20 10:39:12.990417: Printing kind: g, number of (top-level) tags: 0
2021-02-20 10:39:12.990659: Printing kind: e, number of (top-level) tags: 0
2021-02-20 10:39:12.990864: Printing kind: t, number of (top-level) tags: 0
2021-02-20 10:39:12.991027: Printing kind: s, number of (top-level) tags: 0
2021-02-20 10:39:12.991172: Printing kind: u, number of (top-level) tags: 0
2021-02-20 10:39:12.991317: Printing kind: m, number of (top-level) tags: 0
2021-02-20 10:39:12.991462: Printing kind: v, number of (top-level) tags: 10
2021-02-20 10:39:12.991745: Printing kind: f, number of (top-level) tags: 15
2021-02-20 10:39:12.992005: Printing kind: ?, number of (top-level) tags: 0
2021-02-20 10:39:13.410988: RenderContent called
2021-02-20 10:39:13.411736: Redisplaying file [/root/Device_Driver/007_gpio_sysfs/pcd_platform_driver.c]
2021-02-20 10:39:13.414014: PrintKinds called
2021-02-20 10:39:13.414290: Printing kind: d, number of (top-level) tags: 0
2021-02-20 10:39:13.414503: Printing kind: p, number of (top-level) tags: 3
2021-02-20 10:39:13.414877: Printing kind: g, number of (top-level) tags: 0
2021-02-20 10:39:13.415041: Printing kind: e, number of (top-level) tags: 0
2021-02-20 10:39:13.415201: Printing kind: t, number of (top-level) tags: 0
2021-02-20 10:39:13.415346: Printing kind: s, number of (top-level) tags: 0
2021-02-20 10:39:13.415490: Printing kind: u, number of (top-level) tags: 0
2021-02-20 10:39:13.415663: Printing kind: m, number of (top-level) tags: 0
2021-02-20 10:39:13.415813: Printing kind: v, number of (top-level) tags: 10
2021-02-20 10:39:13.416066: Printing kind: f, number of (top-level) tags: 15
2021-02-20 10:39:13.416320: Printing kind: ?, number of (top-level) tags: 0
2021-02-20 10:39:14.439548: RenderContent called
2021-02-20 10:39:14.439947: Redisplaying file [/root/Device_Driver/007_gpio_sysfs/pcd_platform_driver.c]
2021-02-20 10:39:14.441369: PrintKinds called
2021-02-20 10:39:14.441601: Printing kind: d, number of (top-level) tags: 0
2021-02-20 10:39:14.441753: Printing kind: p, number of (top-level) tags: 3
2021-02-20 10:39:14.441992: Printing kind: g, number of (top-level) tags: 0
2021-02-20 10:39:14.442159: Printing kind: e, number of (top-level) tags: 0
2021-02-20 10:39:14.442278: Printing kind: t, number of (top-level) tags: 0
2021-02-20 10:39:14.442399: Printing kind: s, number of (top-level) tags: 0
2021-02-20 10:39:14.442514: Printing kind: u, number of (top-level) tags: 0
2021-02-20 10:39:14.442651: Printing kind: m, number of (top-level) tags: 0
2021-02-20 10:39:14.442770: Printing kind: v, number of (top-level) tags: 10
2021-02-20 10:39:14.442950: Printing kind: f, number of (top-level) tags: 15
2021-02-20 10:39:14.443119: Printing kind: ?, number of (top-level) tags: 0
2021-02-20 10:39:14.832311: RenderContent called
2021-02-20 10:39:14.832998: Redisplaying file [/root/Device_Driver/007_gpio_sysfs/pcd_platform_driver.c]
2021-02-20 10:39:14.835296: PrintKinds called
2021-02-20 10:39:14.835576: Printing kind: d, number of (top-level) tags: 0
2021-02-20 10:39:14.835837: Printing kind: p, number of (top-level) tags: 3
2021-02-20 10:39:14.836244: Printing kind: g, number of (top-level) tags: 0
2021-02-20 10:39:14.836464: Printing kind: e, number of (top-level) tags: 0
2021-02-20 10:39:14.836701: Printing kind: t, number of (top-level) tags: 0
2021-02-20 10:39:14.836906: Printing kind: s, number of (top-level) tags: 0
2021-02-20 10:39:14.837189: Printing kind: u, number of (top-level) tags: 0
2021-02-20 10:39:14.837367: Printing kind: m, number of (top-level) tags: 0
2021-02-20 10:39:14.837525: Printing kind: v, number of (top-level) tags: 10
2021-02-20 10:39:14.837844: Printing kind: f, number of (top-level) tags: 15
2021-02-20 10:39:14.838118: Printing kind: ?, number of (top-level) tags: 0
2021-02-20 10:39:15.143247: RenderContent called
2021-02-20 10:39:15.143982: Redisplaying file [/root/Device_Driver/007_gpio_sysfs/pcd_platform_driver.c]
2021-02-20 10:39:15.146498: PrintKinds called
2021-02-20 10:39:15.146926: Printing kind: d, number of (top-level) tags: 0
2021-02-20 10:39:15.147149: Printing kind: p, number of (top-level) tags: 3
2021-02-20 10:39:15.148092: Printing kind: g, number of (top-level) tags: 0
2021-02-20 10:39:15.148268: Printing kind: e, number of (top-level) tags: 0
2021-02-20 10:39:15.148418: Printing kind: t, number of (top-level) tags: 0
2021-02-20 10:39:15.148567: Printing kind: s, number of (top-level) tags: 0
2021-02-20 10:39:15.148749: Printing kind: u, number of (top-level) tags: 0
2021-02-20 10:39:15.148898: Printing kind: m, number of (top-level) tags: 0
2021-02-20 10:39:15.149047: Printing kind: v, number of (top-level) tags: 10
2021-02-20 10:39:15.149309: Printing kind: f, number of (top-level) tags: 15
2021-02-20 10:39:15.149569: Printing kind: ?, number of (top-level) tags: 0
2021-02-20 10:39:16.185412: RenderContent called
2021-02-20 10:39:16.185790: Redisplaying file [/root/Device_Driver/007_gpio_sysfs/pcd_platform_driver.c]
2021-02-20 10:39:16.186889: PrintKinds called
2021-02-20 10:39:16.187119: Printing kind: d, number of (top-level) tags: 0
2021-02-20 10:39:16.187227: Printing kind: p, number of (top-level) tags: 3
2021-02-20 10:39:16.187799: Printing kind: g, number of (top-level) tags: 0
2021-02-20 10:39:16.187915: Printing kind: e, number of (top-level) tags: 0
2021-02-20 10:39:16.188014: Printing kind: t, number of (top-level) tags: 0
2021-02-20 10:39:16.188113: Printing kind: s, number of (top-level) tags: 0
2021-02-20 10:39:16.188209: Printing kind: u, number of (top-level) tags: 0
2021-02-20 10:39:16.188347: Printing kind: m, number of (top-level) tags: 0
2021-02-20 10:39:16.188443: Printing kind: v, number of (top-level) tags: 10
2021-02-20 10:39:16.188609: Printing kind: f, number of (top-level) tags: 15
2021-02-20 10:39:16.188796: Printing kind: ?, number of (top-level) tags: 0
2021-02-20 10:39:16.503800: RenderContent called
2021-02-20 10:39:16.504292: Redisplaying file [/root/Device_Driver/007_gpio_sysfs/pcd_platform_driver.c]
2021-02-20 10:39:16.506360: PrintKinds called
2021-02-20 10:39:16.506713: Printing kind: d, number of (top-level) tags: 0
2021-02-20 10:39:16.506883: Printing kind: p, number of (top-level) tags: 3
2021-02-20 10:39:16.507616: Printing kind: g, number of (top-level) tags: 0
2021-02-20 10:39:16.507868: Printing kind: e, number of (top-level) tags: 0
2021-02-20 10:39:16.508021: Printing kind: t, number of (top-level) tags: 0
2021-02-20 10:39:16.508143: Printing kind: s, number of (top-level) tags: 0
2021-02-20 10:39:16.508259: Printing kind: u, number of (top-level) tags: 0
2021-02-20 10:39:16.508384: Printing kind: m, number of (top-level) tags: 0
2021-02-20 10:39:16.508510: Printing kind: v, number of (top-level) tags: 10
2021-02-20 10:39:16.508749: Printing kind: f, number of (top-level) tags: 15
2021-02-20 10:39:16.508956: Printing kind: ?, number of (top-level) tags: 0
2021-02-20 10:39:18.338835: RenderContent called
2021-02-20 10:39:18.339236: Redisplaying file [/root/Device_Driver/007_gpio_sysfs/pcd_platform_driver.c]
2021-02-20 10:39:18.340787: PrintKinds called
2021-02-20 10:39:18.341021: Printing kind: d, number of (top-level) tags: 0
2021-02-20 10:39:18.341152: Printing kind: p, number of (top-level) tags: 3
2021-02-20 10:39:18.341748: Printing kind: g, number of (top-level) tags: 0
2021-02-20 10:39:18.341875: Printing kind: e, number of (top-level) tags: 0
2021-02-20 10:39:18.341996: Printing kind: t, number of (top-level) tags: 0
2021-02-20 10:39:18.342114: Printing kind: s, number of (top-level) tags: 0
2021-02-20 10:39:18.342232: Printing kind: u, number of (top-level) tags: 0
2021-02-20 10:39:18.342348: Printing kind: m, number of (top-level) tags: 0
2021-02-20 10:39:18.342471: Printing kind: v, number of (top-level) tags: 10
2021-02-20 10:39:18.342680: Printing kind: f, number of (top-level) tags: 15
2021-02-20 10:39:18.342854: Printing kind: ?, number of (top-level) tags: 0
2021-02-20 10:39:18.607945: RenderContent called
2021-02-20 10:39:18.608486: Redisplaying file [/root/Device_Driver/007_gpio_sysfs/pcd_platform_driver.c]
2021-02-20 10:39:18.610818: PrintKinds called
2021-02-20 10:39:18.611186: Printing kind: d, number of (top-level) tags: 0
2021-02-20 10:39:18.611401: Printing kind: p, number of (top-level) tags: 3
2021-02-20 10:39:18.612397: Printing kind: g, number of (top-level) tags: 0
2021-02-20 10:39:18.612610: Printing kind: e, number of (top-level) tags: 0
2021-02-20 10:39:18.612798: Printing kind: t, number of (top-level) tags: 0
2021-02-20 10:39:18.612950: Printing kind: s, number of (top-level) tags: 0
2021-02-20 10:39:18.613102: Printing kind: u, number of (top-level) tags: 0
2021-02-20 10:39:18.613262: Printing kind: m, number of (top-level) tags: 0
2021-02-20 10:39:18.613430: Printing kind: v, number of (top-level) tags: 10
2021-02-20 10:39:18.613735: Printing kind: f, number of (top-level) tags: 15
2021-02-20 10:39:18.614007: Printing kind: ?, number of (top-level) tags: 0
2021-02-20 10:39:18.938695: RenderContent called
2021-02-20 10:39:18.939363: Redisplaying file [/root/Device_Driver/007_gpio_sysfs/pcd_platform_driver.c]
2021-02-20 10:39:18.941746: PrintKinds called
2021-02-20 10:39:18.941978: Printing kind: d, number of (top-level) tags: 0
2021-02-20 10:39:18.942140: Printing kind: p, number of (top-level) tags: 3
2021-02-20 10:39:18.942445: Printing kind: g, number of (top-level) tags: 0
2021-02-20 10:39:18.942599: Printing kind: e, number of (top-level) tags: 0
2021-02-20 10:39:18.942786: Printing kind: t, number of (top-level) tags: 0
2021-02-20 10:39:18.942935: Printing kind: s, number of (top-level) tags: 0
2021-02-20 10:39:18.943081: Printing kind: u, number of (top-level) tags: 0
2021-02-20 10:39:18.943228: Printing kind: m, number of (top-level) tags: 0
2021-02-20 10:39:18.943379: Printing kind: v, number of (top-level) tags: 10
2021-02-20 10:39:18.943661: Printing kind: f, number of (top-level) tags: 15
2021-02-20 10:39:18.943924: Printing kind: ?, number of (top-level) tags: 0
2021-02-20 10:39:19.766848: RenderContent called
2021-02-20 10:39:19.767346: Redisplaying file [/root/Device_Driver/007_gpio_sysfs/pcd_platform_driver.c]
2021-02-20 10:39:19.769374: PrintKinds called
2021-02-20 10:39:19.769734: Printing kind: d, number of (top-level) tags: 0
2021-02-20 10:39:19.769902: Printing kind: p, number of (top-level) tags: 3
2021-02-20 10:39:19.770940: Printing kind: g, number of (top-level) tags: 0
2021-02-20 10:39:19.771157: Printing kind: e, number of (top-level) tags: 0
2021-02-20 10:39:19.771380: Printing kind: t, number of (top-level) tags: 0
2021-02-20 10:39:19.771600: Printing kind: s, number of (top-level) tags: 0
2021-02-20 10:39:19.771858: Printing kind: u, number of (top-level) tags: 0
2021-02-20 10:39:19.772063: Printing kind: m, number of (top-level) tags: 0
2021-02-20 10:39:19.772275: Printing kind: v, number of (top-level) tags: 10
2021-02-20 10:39:19.772660: Printing kind: f, number of (top-level) tags: 15
2021-02-20 10:39:19.773019: Printing kind: ?, number of (top-level) tags: 0
2021-02-20 10:39:20.021789: RenderContent called
2021-02-20 10:39:20.022494: Redisplaying file [/root/Device_Driver/007_gpio_sysfs/pcd_platform_driver.c]
2021-02-20 10:39:20.024796: PrintKinds called
2021-02-20 10:39:20.025072: Printing kind: d, number of (top-level) tags: 0
2021-02-20 10:39:20.025285: Printing kind: p, number of (top-level) tags: 3
2021-02-20 10:39:20.025728: Printing kind: g, number of (top-level) tags: 0
2021-02-20 10:39:20.025938: Printing kind: e, number of (top-level) tags: 0
2021-02-20 10:39:20.026140: Printing kind: t, number of (top-level) tags: 0
2021-02-20 10:39:20.026341: Printing kind: s, number of (top-level) tags: 0
2021-02-20 10:39:20.026547: Printing kind: u, number of (top-level) tags: 0
2021-02-20 10:39:20.026782: Printing kind: m, number of (top-level) tags: 0
2021-02-20 10:39:20.026983: Printing kind: v, number of (top-level) tags: 10
2021-02-20 10:39:20.027339: Printing kind: f, number of (top-level) tags: 15
2021-02-20 10:39:20.027698: Printing kind: ?, number of (top-level) tags: 0
2021-02-20 10:39:20.636055: RenderContent called
2021-02-20 10:39:20.636714: Redisplaying file [/root/Device_Driver/007_gpio_sysfs/pcd_platform_driver.c]
2021-02-20 10:39:20.639105: PrintKinds called
2021-02-20 10:39:20.639484: Printing kind: d, number of (top-level) tags: 0
2021-02-20 10:39:20.639748: Printing kind: p, number of (top-level) tags: 3
2021-02-20 10:39:20.640689: Printing kind: g, number of (top-level) tags: 0
2021-02-20 10:39:20.640847: Printing kind: e, number of (top-level) tags: 0
2021-02-20 10:39:20.641007: Printing kind: t, number of (top-level) tags: 0
2021-02-20 10:39:20.641157: Printing kind: s, number of (top-level) tags: 0
2021-02-20 10:39:20.641303: Printing kind: u, number of (top-level) tags: 0
2021-02-20 10:39:20.641450: Printing kind: m, number of (top-level) tags: 0
2021-02-20 10:39:20.641597: Printing kind: v, number of (top-level) tags: 10
2021-02-20 10:39:20.641888: Printing kind: f, number of (top-level) tags: 15
2021-02-20 10:39:20.642145: Printing kind: ?, number of (top-level) tags: 0
2021-02-20 10:39:20.960455: RenderContent called
2021-02-20 10:39:20.961093: Redisplaying file [/root/Device_Driver/007_gpio_sysfs/pcd_platform_driver.c]
2021-02-20 10:39:20.963179: PrintKinds called
2021-02-20 10:39:20.963457: Printing kind: d, number of (top-level) tags: 0
2021-02-20 10:39:20.963709: Printing kind: p, number of (top-level) tags: 3
2021-02-20 10:39:20.964100: Printing kind: g, number of (top-level) tags: 0
2021-02-20 10:39:20.964221: Printing kind: e, number of (top-level) tags: 0
2021-02-20 10:39:20.964340: Printing kind: t, number of (top-level) tags: 0
2021-02-20 10:39:20.964457: Printing kind: s, number of (top-level) tags: 0
2021-02-20 10:39:20.964574: Printing kind: u, number of (top-level) tags: 0
2021-02-20 10:39:20.964710: Printing kind: m, number of (top-level) tags: 0
2021-02-20 10:39:20.964824: Printing kind: v, number of (top-level) tags: 10
2021-02-20 10:39:20.965025: Printing kind: f, number of (top-level) tags: 15
2021-02-20 10:39:20.965225: Printing kind: ?, number of (top-level) tags: 0
2021-02-20 10:39:22.034509: RenderContent called
2021-02-20 10:39:22.034954: Redisplaying file [/root/Device_Driver/007_gpio_sysfs/pcd_platform_driver.c]
2021-02-20 10:39:22.036901: PrintKinds called
2021-02-20 10:39:22.037237: Printing kind: d, number of (top-level) tags: 0
2021-02-20 10:39:22.037472: Printing kind: p, number of (top-level) tags: 3
2021-02-20 10:39:22.038264: Printing kind: g, number of (top-level) tags: 0
2021-02-20 10:39:22.038428: Printing kind: e, number of (top-level) tags: 0
2021-02-20 10:39:22.038579: Printing kind: t, number of (top-level) tags: 0
2021-02-20 10:39:22.038758: Printing kind: s, number of (top-level) tags: 0
2021-02-20 10:39:22.038908: Printing kind: u, number of (top-level) tags: 0
2021-02-20 10:39:22.039055: Printing kind: m, number of (top-level) tags: 0
2021-02-20 10:39:22.039189: Printing kind: v, number of (top-level) tags: 10
2021-02-20 10:39:22.039392: Printing kind: f, number of (top-level) tags: 15
2021-02-20 10:39:22.039592: Printing kind: ?, number of (top-level) tags: 0
2021-02-20 10:39:22.437438: RenderContent called
2021-02-20 10:39:22.438013: Redisplaying file [/root/Device_Driver/007_gpio_sysfs/pcd_platform_driver.c]
2021-02-20 10:39:22.440512: PrintKinds called
2021-02-20 10:39:22.440928: Printing kind: d, number of (top-level) tags: 0
2021-02-20 10:39:22.441152: Printing kind: p, number of (top-level) tags: 3
2021-02-20 10:39:22.441558: Printing kind: g, number of (top-level) tags: 0
2021-02-20 10:39:22.441806: Printing kind: e, number of (top-level) tags: 0
2021-02-20 10:39:22.442015: Printing kind: t, number of (top-level) tags: 0
2021-02-20 10:39:22.442219: Printing kind: s, number of (top-level) tags: 0
2021-02-20 10:39:22.442425: Printing kind: u, number of (top-level) tags: 0
2021-02-20 10:39:22.442663: Printing kind: m, number of (top-level) tags: 0
2021-02-20 10:39:22.442818: Printing kind: v, number of (top-level) tags: 10
2021-02-20 10:39:22.443079: Printing kind: f, number of (top-level) tags: 15
2021-02-20 10:39:22.443336: Printing kind: ?, number of (top-level) tags: 0
2021-02-20 10:39:24.569403: RenderContent called
2021-02-20 10:39:24.569866: Redisplaying file [/root/Device_Driver/007_gpio_sysfs/pcd_platform_driver.c]
2021-02-20 10:39:24.571524: PrintKinds called
2021-02-20 10:39:24.571844: Printing kind: d, number of (top-level) tags: 0
2021-02-20 10:39:24.572008: Printing kind: p, number of (top-level) tags: 3
2021-02-20 10:39:24.572739: Printing kind: g, number of (top-level) tags: 0
2021-02-20 10:39:24.572904: Printing kind: e, number of (top-level) tags: 0
2021-02-20 10:39:24.573052: Printing kind: t, number of (top-level) tags: 0
2021-02-20 10:39:24.573202: Printing kind: s, number of (top-level) tags: 0
2021-02-20 10:39:24.573349: Printing kind: u, number of (top-level) tags: 0
2021-02-20 10:39:24.573500: Printing kind: m, number of (top-level) tags: 0
2021-02-20 10:39:24.573685: Printing kind: v, number of (top-level) tags: 10
2021-02-20 10:39:24.573945: Printing kind: f, number of (top-level) tags: 15
2021-02-20 10:39:24.574201: Printing kind: ?, number of (top-level) tags: 0
2021-02-20 10:39:26.623776: RenderContent called
2021-02-20 10:39:26.624342: Redisplaying file [/root/Device_Driver/007_gpio_sysfs/pcd_platform_driver.c]
2021-02-20 10:39:26.627010: PrintKinds called
2021-02-20 10:39:26.627407: Printing kind: d, number of (top-level) tags: 0
2021-02-20 10:39:26.627670: Printing kind: p, number of (top-level) tags: 3
2021-02-20 10:39:26.628696: Printing kind: g, number of (top-level) tags: 0
2021-02-20 10:39:26.628913: Printing kind: e, number of (top-level) tags: 0
2021-02-20 10:39:26.629123: Printing kind: t, number of (top-level) tags: 0
2021-02-20 10:39:26.629326: Printing kind: s, number of (top-level) tags: 0
2021-02-20 10:39:26.629526: Printing kind: u, number of (top-level) tags: 0
2021-02-20 10:39:26.629730: Printing kind: m, number of (top-level) tags: 0
2021-02-20 10:39:26.629878: Printing kind: v, number of (top-level) tags: 10
2021-02-20 10:39:26.631427: Printing kind: f, number of (top-level) tags: 15
2021-02-20 10:39:26.631695: Printing kind: ?, number of (top-level) tags: 0
2021-02-20 10:39:30.133587: RenderContent called
2021-02-20 10:39:30.134036: Redisplaying file [/root/Device_Driver/007_gpio_sysfs/pcd_platform_driver.c]
2021-02-20 10:39:30.135335: PrintKinds called
2021-02-20 10:39:30.135594: Printing kind: d, number of (top-level) tags: 0
2021-02-20 10:39:30.135700: Printing kind: p, number of (top-level) tags: 3
2021-02-20 10:39:30.136265: Printing kind: g, number of (top-level) tags: 0
2021-02-20 10:39:30.136377: Printing kind: e, number of (top-level) tags: 0
2021-02-20 10:39:30.136484: Printing kind: t, number of (top-level) tags: 0
2021-02-20 10:39:30.136595: Printing kind: s, number of (top-level) tags: 0
2021-02-20 10:39:30.136727: Printing kind: u, number of (top-level) tags: 0
2021-02-20 10:39:30.136855: Printing kind: m, number of (top-level) tags: 0
2021-02-20 10:39:30.136977: Printing kind: v, number of (top-level) tags: 10
2021-02-20 10:39:30.138358: Printing kind: f, number of (top-level) tags: 15
2021-02-20 10:39:30.140325: Printing kind: ?, number of (top-level) tags: 0
2021-02-20 10:39:33.493448: RenderContent called
2021-02-20 10:39:33.494083: Redisplaying file [/root/Device_Driver/007_gpio_sysfs/pcd_platform_driver.c]
2021-02-20 10:39:33.496449: PrintKinds called
2021-02-20 10:39:33.496845: Printing kind: d, number of (top-level) tags: 0
2021-02-20 10:39:33.497069: Printing kind: p, number of (top-level) tags: 3
2021-02-20 10:39:33.497892: Printing kind: g, number of (top-level) tags: 0
2021-02-20 10:39:33.498051: Printing kind: e, number of (top-level) tags: 0
2021-02-20 10:39:33.498202: Printing kind: t, number of (top-level) tags: 0
2021-02-20 10:39:33.498353: Printing kind: s, number of (top-level) tags: 0
2021-02-20 10:39:33.498501: Printing kind: u, number of (top-level) tags: 0
2021-02-20 10:39:33.498649: Printing kind: m, number of (top-level) tags: 0
2021-02-20 10:39:33.498826: Printing kind: v, number of (top-level) tags: 10
2021-02-20 10:39:33.499086: Printing kind: f, number of (top-level) tags: 15
2021-02-20 10:39:33.500846: Printing kind: ?, number of (top-level) tags: 0
2021-02-20 10:39:34.125265: RenderContent called
2021-02-20 10:39:34.125819: Redisplaying file [/root/Device_Driver/007_gpio_sysfs/pcd_platform_driver.c]
2021-02-20 10:39:34.127515: PrintKinds called
2021-02-20 10:39:34.127817: Printing kind: d, number of (top-level) tags: 0
2021-02-20 10:39:34.127976: Printing kind: p, number of (top-level) tags: 3
2021-02-20 10:39:34.128698: Printing kind: g, number of (top-level) tags: 0
2021-02-20 10:39:34.128883: Printing kind: e, number of (top-level) tags: 0
2021-02-20 10:39:34.129032: Printing kind: t, number of (top-level) tags: 0
2021-02-20 10:39:34.129181: Printing kind: s, number of (top-level) tags: 0
2021-02-20 10:39:34.129328: Printing kind: u, number of (top-level) tags: 0
2021-02-20 10:39:34.129474: Printing kind: m, number of (top-level) tags: 0
2021-02-20 10:39:34.129619: Printing kind: v, number of (top-level) tags: 10
2021-02-20 10:39:34.131292: Printing kind: f, number of (top-level) tags: 15
2021-02-20 10:39:34.133534: Printing kind: ?, number of (top-level) tags: 0
2021-02-20 10:39:36.055039: RenderContent called
2021-02-20 10:39:36.055598: Redisplaying file [/root/Device_Driver/007_gpio_sysfs/pcd_platform_driver.c]
2021-02-20 10:39:36.060015: PrintKinds called
2021-02-20 10:39:36.060423: Printing kind: d, number of (top-level) tags: 0
2021-02-20 10:39:36.060649: Printing kind: p, number of (top-level) tags: 3
2021-02-20 10:39:36.061553: Printing kind: g, number of (top-level) tags: 0
2021-02-20 10:39:36.061712: Printing kind: e, number of (top-level) tags: 0
2021-02-20 10:39:36.061954: Printing kind: t, number of (top-level) tags: 0
2021-02-20 10:39:36.062124: Printing kind: s, number of (top-level) tags: 0
2021-02-20 10:39:36.062280: Printing kind: u, number of (top-level) tags: 0
2021-02-20 10:39:36.062429: Printing kind: m, number of (top-level) tags: 0
2021-02-20 10:39:36.062578: Printing kind: v, number of (top-level) tags: 10
2021-02-20 10:39:36.062869: Printing kind: f, number of (top-level) tags: 15
2021-02-20 10:39:36.064835: Printing kind: ?, number of (top-level) tags: 0
2021-02-20 10:39:36.545372: RenderContent called
2021-02-20 10:39:36.545872: Redisplaying file [/root/Device_Driver/007_gpio_sysfs/pcd_platform_driver.c]
2021-02-20 10:39:36.547576: PrintKinds called
2021-02-20 10:39:36.547890: Printing kind: d, number of (top-level) tags: 0
2021-02-20 10:39:36.548055: Printing kind: p, number of (top-level) tags: 3
2021-02-20 10:39:36.548788: Printing kind: g, number of (top-level) tags: 0
2021-02-20 10:39:36.548946: Printing kind: e, number of (top-level) tags: 0
2021-02-20 10:39:36.549096: Printing kind: t, number of (top-level) tags: 0
2021-02-20 10:39:36.549244: Printing kind: s, number of (top-level) tags: 0
2021-02-20 10:39:36.549393: Printing kind: u, number of (top-level) tags: 0
2021-02-20 10:39:36.549524: Printing kind: m, number of (top-level) tags: 0
2021-02-20 10:39:36.549659: Printing kind: v, number of (top-level) tags: 10
2021-02-20 10:39:36.550879: Printing kind: f, number of (top-level) tags: 15
2021-02-20 10:39:36.552384: Printing kind: ?, number of (top-level) tags: 0
2021-02-20 10:39:46.357870: RenderContent called
2021-02-20 10:39:46.358455: Redisplaying file [/root/Device_Driver/007_gpio_sysfs/pcd_platform_driver.c]
2021-02-20 10:39:46.360794: PrintKinds called
2021-02-20 10:39:46.361090: Printing kind: d, number of (top-level) tags: 0
2021-02-20 10:39:46.361365: Printing kind: p, number of (top-level) tags: 3
2021-02-20 10:39:46.362303: Printing kind: g, number of (top-level) tags: 0
2021-02-20 10:39:46.362534: Printing kind: e, number of (top-level) tags: 0
2021-02-20 10:39:46.362718: Printing kind: t, number of (top-level) tags: 0
2021-02-20 10:39:46.362960: Printing kind: s, number of (top-level) tags: 0
2021-02-20 10:39:46.363146: Printing kind: u, number of (top-level) tags: 0
2021-02-20 10:39:46.363302: Printing kind: m, number of (top-level) tags: 0
2021-02-20 10:39:46.363452: Printing kind: v, number of (top-level) tags: 10
2021-02-20 10:39:46.365677: Printing kind: f, number of (top-level) tags: 15
2021-02-20 10:39:46.367527: Printing kind: ?, number of (top-level) tags: 0
2021-02-20 10:39:47.054773: RenderContent called
2021-02-20 10:39:47.055385: Redisplaying file [/root/Device_Driver/007_gpio_sysfs/pcd_platform_driver.c]
2021-02-20 10:39:47.057175: PrintKinds called
2021-02-20 10:39:47.057385: Printing kind: d, number of (top-level) tags: 0
2021-02-20 10:39:47.057542: Printing kind: p, number of (top-level) tags: 3
2021-02-20 10:39:47.058267: Printing kind: g, number of (top-level) tags: 0
2021-02-20 10:39:47.058425: Printing kind: e, number of (top-level) tags: 0
2021-02-20 10:39:47.058585: Printing kind: t, number of (top-level) tags: 0
2021-02-20 10:39:47.058758: Printing kind: s, number of (top-level) tags: 0
2021-02-20 10:39:47.058924: Printing kind: u, number of (top-level) tags: 0
2021-02-20 10:39:47.059072: Printing kind: m, number of (top-level) tags: 0
2021-02-20 10:39:47.059228: Printing kind: v, number of (top-level) tags: 10
2021-02-20 10:39:47.060694: Printing kind: f, number of (top-level) tags: 15
2021-02-20 10:39:47.062488: Printing kind: ?, number of (top-level) tags: 0
2021-02-20 10:39:47.533256: RenderContent called
2021-02-20 10:39:47.533713: Redisplaying file [/root/Device_Driver/007_gpio_sysfs/pcd_platform_driver.c]
2021-02-20 10:39:47.535587: PrintKinds called
2021-02-20 10:39:47.535855: Printing kind: d, number of (top-level) tags: 0
2021-02-20 10:39:47.536018: Printing kind: p, number of (top-level) tags: 3
2021-02-20 10:39:47.536726: Printing kind: g, number of (top-level) tags: 0
2021-02-20 10:39:47.536913: Printing kind: e, number of (top-level) tags: 0
2021-02-20 10:39:47.537070: Printing kind: t, number of (top-level) tags: 0
2021-02-20 10:39:47.537219: Printing kind: s, number of (top-level) tags: 0
2021-02-20 10:39:47.537368: Printing kind: u, number of (top-level) tags: 0
2021-02-20 10:39:47.537522: Printing kind: m, number of (top-level) tags: 0
2021-02-20 10:39:47.537670: Printing kind: v, number of (top-level) tags: 10
2021-02-20 10:39:47.539008: Printing kind: f, number of (top-level) tags: 15
2021-02-20 10:39:47.540596: Printing kind: ?, number of (top-level) tags: 0
2021-02-20 10:39:48.899882: RenderContent called
2021-02-20 10:39:48.900361: Redisplaying file [/root/Device_Driver/007_gpio_sysfs/pcd_platform_driver.c]
2021-02-20 10:39:48.902189: PrintKinds called
2021-02-20 10:39:48.902420: Printing kind: d, number of (top-level) tags: 0
2021-02-20 10:39:48.902579: Printing kind: p, number of (top-level) tags: 3
2021-02-20 10:39:48.903308: Printing kind: g, number of (top-level) tags: 0
2021-02-20 10:39:48.903465: Printing kind: e, number of (top-level) tags: 0
2021-02-20 10:39:48.903616: Printing kind: t, number of (top-level) tags: 0
2021-02-20 10:39:48.903793: Printing kind: s, number of (top-level) tags: 0
2021-02-20 10:39:48.903955: Printing kind: u, number of (top-level) tags: 0
2021-02-20 10:39:48.904102: Printing kind: m, number of (top-level) tags: 0
2021-02-20 10:39:48.904249: Printing kind: v, number of (top-level) tags: 10
2021-02-20 10:39:48.905413: Printing kind: f, number of (top-level) tags: 15
2021-02-20 10:39:48.907040: Printing kind: ?, number of (top-level) tags: 0
2021-02-20 10:39:52.585471: RenderContent called
2021-02-20 10:39:52.586080: Redisplaying file [/root/Device_Driver/007_gpio_sysfs/pcd_platform_driver.c]
2021-02-20 10:39:52.588077: PrintKinds called
2021-02-20 10:39:52.589131: Printing kind: d, number of (top-level) tags: 0
2021-02-20 10:39:52.589302: Printing kind: p, number of (top-level) tags: 3
2021-02-20 10:39:52.590037: Printing kind: g, number of (top-level) tags: 0
2021-02-20 10:39:52.590195: Printing kind: e, number of (top-level) tags: 0
2021-02-20 10:39:52.590346: Printing kind: t, number of (top-level) tags: 0
2021-02-20 10:39:52.590500: Printing kind: s, number of (top-level) tags: 0
2021-02-20 10:39:52.590648: Printing kind: u, number of (top-level) tags: 0
2021-02-20 10:39:52.590825: Printing kind: m, number of (top-level) tags: 0
2021-02-20 10:39:52.590978: Printing kind: v, number of (top-level) tags: 10
2021-02-20 10:39:52.592358: Printing kind: f, number of (top-level) tags: 15
2021-02-20 10:39:52.594021: Printing kind: ?, number of (top-level) tags: 0
2021-02-20 10:39:52.999232: RenderContent called
2021-02-20 10:39:52.999846: Redisplaying file [/root/Device_Driver/007_gpio_sysfs/pcd_platform_driver.c]
2021-02-20 10:39:53.001613: PrintKinds called
2021-02-20 10:39:53.001863: Printing kind: d, number of (top-level) tags: 0
2021-02-20 10:39:53.002037: Printing kind: p, number of (top-level) tags: 3
2021-02-20 10:39:53.002766: Printing kind: g, number of (top-level) tags: 0
2021-02-20 10:39:53.002940: Printing kind: e, number of (top-level) tags: 0
2021-02-20 10:39:53.003093: Printing kind: t, number of (top-level) tags: 0
2021-02-20 10:39:53.003244: Printing kind: s, number of (top-level) tags: 0
2021-02-20 10:39:53.003403: Printing kind: u, number of (top-level) tags: 0
2021-02-20 10:39:53.003561: Printing kind: m, number of (top-level) tags: 0
2021-02-20 10:39:53.003709: Printing kind: v, number of (top-level) tags: 10
2021-02-20 10:39:53.005229: Printing kind: f, number of (top-level) tags: 15
2021-02-20 10:39:53.006964: Printing kind: ?, number of (top-level) tags: 0
2021-02-20 10:39:57.806984: goto_win(): 1wincmd w, 1
2021-02-20 10:39:57.807537: goto_win(): 2wincmd w, 0
2021-02-20 10:39:57.831561: AutoUpdate called [/root/Device_Driver/007_gpio_sysfs/__Tagbar__.1]
2021-02-20 10:39:57.831780: In Tagbar window, stopping processing
2021-02-20 10:39:57.831873: goto_win(): wincmd p, 0
2021-02-20 10:39:57.846417: AutoUpdate called [/root/Device_Driver/007_gpio_sysfs/pcd_platform_driver.c]
2021-02-20 10:39:57.846588: Vim filetype: 'c', sanitized filetype: 'c'
2021-02-20 10:39:57.846646: Checking if file is valid [/root/Device_Driver/007_gpio_sysfs/pcd_platform_driver.c]
2021-02-20 10:39:57.846855: File data seems up to date [/root/Device_Driver/007_gpio_sysfs/pcd_platform_driver.c]
2021-02-20 10:39:57.847030: Setting current file [/root/Device_Driver/007_gpio_sysfs/pcd_platform_driver.c]
2021-02-20 10:39:57.847372: goto_win(): wincmd p, 1
2021-02-20 10:39:57.847493: goto_win(): 2wincmd w, 1
2021-02-20 10:39:57.847669: Highlight pattern: '/^\%64l\s*[▼▶ ][-+# ]\?\zs\Vwrite\m\ze/'
2021-02-20 10:39:57.847793: goto_win(): 2wincmd w, 1
2021-02-20 10:39:57.847898: goto_win(): 1wincmd w, 1
2021-02-20 10:39:57.877279: goto_win(): wincmd p, 1
2021-02-20 10:39:57.877405: goto_win(): 2wincmd w, 1
2021-02-20 10:39:57.878921: goto_win(): 2wincmd w, 1
2021-02-20 10:39:57.878982: goto_win(): 1wincmd w, 1
2021-02-20 10:39:57.879024: AutoUpdate finished successfully
2021-02-20 10:39:57.879063: AutoUpdate called [/root/Device_Driver/007_gpio_sysfs/pcd_platform_driver.c]
2021-02-20 10:39:57.879122: Vim filetype: 'c', sanitized filetype: 'c'
2021-02-20 10:39:57.879152: Checking if file is valid [/root/Device_Driver/007_gpio_sysfs/pcd_platform_driver.c]
2021-02-20 10:39:57.879247: File data outdated, updating [/root/Device_Driver/007_gpio_sysfs/pcd_platform_driver.c]
2021-02-20 10:39:57.879282: ProcessFile called [/root/Device_Driver/007_gpio_sysfs/pcd_platform_driver.c]
2021-02-20 10:39:57.879312: Checking if file is valid [/root/Device_Driver/007_gpio_sysfs/pcd_platform_driver.c]
2021-02-20 10:39:57.879605: typeinfo for file to process: {'ctagstype': 'c', 'ftype': 'c', 'kinddict': {'p': 1, 'f': 9, 's': 5, 'd': 0, 'e': 3, 'v': 8, 'g': 2, 't': 4, '?': 10, 'm': 7, 'u': 6}, 'sro': '::', 'createKinddict': function('<SNR>107_createKinddict'), 'getKind': function('<SNR>107_getKind'), 'kind2scope': {'s': 'struct', 'u': 'union', 'g': 'enum', '?': 'unknown'}, 'scope2kind': {'enum': 'g', 'struct': 's', 'union': 'u'}, 'kinds': [{'short': 'd', 'long': 'macros', 'fold': 1, 'stl': 0}, {'short': 'p', 'long': 'prototypes', 'fold': 1, 'stl': 0}, {'short': 'g', 'long': 'enums', 'fold': 0, 'stl': 1}, {'short': 'e', 'long': 'enumerators', 'fold': 0, 'stl': 0}, {'short': 't', 'long': 'typedefs', 'fold': 0, 'stl': 0}, {'short': 's', 'long': 'structs', 'fold': 0, 'stl': 1}, {'short': 'u', 'long': 'unions', 'fold': 0, 'stl': 1}, {'short': 'm', 'long': 'members', 'fold': 0, 'stl': 0}, {'short': 'v', 'long': 'variables', 'fold': 0, 'stl': 0}, {'short': 'f', 'long': 'functions', 'fold': 0, 'stl': 1}, {'short': '?', 'long': 'unknown', 'fold': 0, 'stl': 1}]}
2021-02-20 10:39:57.879677: Caching file into: /tmp/vU3IwDT/8.c
2021-02-20 10:39:57.900840: ExecuteCtagsOnFile called [/tmp/vU3IwDT/8.c]
2021-02-20 10:39:57.901010: EscapeCtagsCmd called
2021-02-20 10:39:57.901042: ctags_bin: ctags-exuberant
2021-02-20 10:39:57.901083: ctags_args (is a list): ['--extra=', '--file-scope=yes', '-f', '-', '--format=2', '--excmd=pattern', '--fields=nksSafet', '--sort=no', '--append=no', '-V', '--language-force=c', '--c-kinds=dpgetsumvf']
2021-02-20 10:39:57.901205: Escaped ctags command: 'ctags-exuberant' '--extra=' '--file-scope=yes' '-f' '-' '--format=2' '--excmd=pattern' '--fields=nksSafet' '--sort=no' '--append=no' '-V' '--language-force=c' '--c-kinds=dpgetsumvf' '/tmp/vU3IwDT/8.c'
2021-02-20 10:39:57.901258: Executing ctags command: 'ctags-exuberant' '--extra=' '--file-scope=yes' '-f' '-' '--format=2' '--excmd=pattern' '--fields=nksSafet' '--sort=no' '--append=no' '-V' '--language-force=c' '--c-kinds=dpgetsumvf' '/tmp/vU3IwDT/8.c'
2021-02-20 10:39:57.905207: Calling shell to execute: "('ctags-exuberant' '--extra=' '--file-scope=yes' '-f' '-' '--format=2' '--excmd=pattern' '--fields=nksSafet' '--sort=no' '--append=no' '-V' '--language-force=c' '--c-kinds=dpgetsumvf' '/tmp/vU3IwDT/8.c')>/tmp/vU3IwDT/9 2>&1"
2021-02-20 10:39:57.905270: Exit code: 0
2021-02-20 10:39:57.919210: Ctags executed successfully
2021-02-20 10:39:57.919446: Filetype tag kinds: ['p', 'f', 's', 'd', 'e', 'v', 'g', 't', '?', 'm', 'u']
2021-02-20 10:39:57.919475: Parsing ctags output
2021-02-20 10:39:57.930041: Processing kind: d, number of tags: 0
2021-02-20 10:39:57.930131: Processing kind: p, number of tags: 3
2021-02-20 10:39:57.930342: Processing kind: e, number of tags: 0
2021-02-20 10:39:57.930396: Processing kind: t, number of tags: 0
2021-02-20 10:39:57.930450: Processing kind: m, number of tags: 0
2021-02-20 10:39:57.930501: Processing kind: v, number of tags: 10
2021-02-20 10:39:57.930708: Processing kind: f, number of tags: 15
2021-02-20 10:39:57.932488: RenderContent called
2021-02-20 10:39:57.932566: goto_win(): wincmd p, 1
2021-02-20 10:39:57.932632: goto_win(): 2wincmd w, 1
2021-02-20 10:39:57.932678: Redisplaying file [/root/Device_Driver/007_gpio_sysfs/pcd_platform_driver.c]
2021-02-20 10:39:57.933114: PrintKinds called
2021-02-20 10:39:57.933161: Printing kind: d, number of (top-level) tags: 0
2021-02-20 10:39:57.933199: Printing kind: p, number of (top-level) tags: 3
2021-02-20 10:39:57.933376: Printing kind: g, number of (top-level) tags: 0
2021-02-20 10:39:57.933413: Printing kind: e, number of (top-level) tags: 0
2021-02-20 10:39:57.933448: Printing kind: t, number of (top-level) tags: 0
2021-02-20 10:39:57.933484: Printing kind: s, number of (top-level) tags: 0
2021-02-20 10:39:57.933520: Printing kind: u, number of (top-level) tags: 0
2021-02-20 10:39:57.933556: Printing kind: m, number of (top-level) tags: 0
2021-02-20 10:39:57.933591: Printing kind: v, number of (top-level) tags: 10
2021-02-20 10:39:57.933977: Printing kind: f, number of (top-level) tags: 15
2021-02-20 10:39:57.934506: Printing kind: ?, number of (top-level) tags: 0
2021-02-20 10:39:57.934656: goto_win(): 2wincmd w, 1
2021-02-20 10:39:57.934693: goto_win(): 1wincmd w, 1
2021-02-20 10:39:57.934722: Setting current file [/root/Device_Driver/007_gpio_sysfs/pcd_platform_driver.c]
2021-02-20 10:39:57.934872: goto_win(): wincmd p, 1
2021-02-20 10:39:57.934907: goto_win(): 2wincmd w, 1
2021-02-20 10:39:57.935920: goto_win(): 2wincmd w, 1
2021-02-20 10:39:57.935954: goto_win(): 1wincmd w, 1
2021-02-20 10:39:57.935980: AutoUpdate finished successfully
2021-02-20 10:40:03.761926: AutoUpdate called [/root/Device_Driver/007_gpio_sysfs/__Tagbar__.1]
2021-02-20 10:40:03.762253: In Tagbar window, stopping processing
2021-02-20 10:40:35.626228: AutoUpdate called [/root/Device_Driver/007_gpio_sysfs/__Tagbar__.1]
2021-02-20 10:40:35.626769: In Tagbar window, stopping processing
2021-02-20 10:40:36.883612: RenderContent called
2021-02-20 10:40:36.883969: Redisplaying file [/root/Device_Driver/007_gpio_sysfs/pcd_platform_driver.c]
2021-02-20 10:40:36.885582: PrintKinds called
2021-02-20 10:40:36.885838: Printing kind: d, number of (top-level) tags: 0
2021-02-20 10:40:36.885957: Printing kind: p, number of (top-level) tags: 3
2021-02-20 10:40:36.886434: Printing kind: g, number of (top-level) tags: 0
2021-02-20 10:40:36.886539: Printing kind: e, number of (top-level) tags: 0
2021-02-20 10:40:36.886638: Printing kind: t, number of (top-level) tags: 0
2021-02-20 10:40:36.886775: Printing kind: s, number of (top-level) tags: 0
2021-02-20 10:40:36.887015: Printing kind: u, number of (top-level) tags: 0
2021-02-20 10:40:36.887120: Printing kind: m, number of (top-level) tags: 0
2021-02-20 10:40:36.887219: Printing kind: v, number of (top-level) tags: 10
2021-02-20 10:40:36.888230: Printing kind: f, number of (top-level) tags: 15
2021-02-20 10:40:36.889600: Printing kind: ?, number of (top-level) tags: 0
2021-02-20 10:40:37.433659: RenderContent called
2021-02-20 10:40:37.434349: Redisplaying file [/root/Device_Driver/007_gpio_sysfs/pcd_platform_driver.c]
2021-02-20 10:40:37.436961: PrintKinds called
2021-02-20 10:40:37.437359: Printing kind: d, number of (top-level) tags: 0
2021-02-20 10:40:37.437584: Printing kind: p, number of (top-level) tags: 3
2021-02-20 10:40:37.438608: Printing kind: g, number of (top-level) tags: 0
2021-02-20 10:40:37.438862: Printing kind: e, number of (top-level) tags: 0
2021-02-20 10:40:37.439073: Printing kind: t, number of (top-level) tags: 0
2021-02-20 10:40:37.439288: Printing kind: s, number of (top-level) tags: 0
2021-02-20 10:40:37.439492: Printing kind: u, number of (top-level) tags: 0
2021-02-20 10:40:37.439675: Printing kind: m, number of (top-level) tags: 0
2021-02-20 10:40:37.439852: Printing kind: v, number of (top-level) tags: 10
2021-02-20 10:40:37.441394: Printing kind: f, number of (top-level) tags: 15
2021-02-20 10:40:37.443170: Printing kind: ?, number of (top-level) tags: 0
2021-02-20 10:40:50.366888: RenderContent called
2021-02-20 10:40:50.367491: Redisplaying file [/root/Device_Driver/007_gpio_sysfs/pcd_platform_driver.c]
2021-02-20 10:40:50.369550: PrintKinds called
2021-02-20 10:40:50.369828: Printing kind: d, number of (top-level) tags: 0
2021-02-20 10:40:50.369990: Printing kind: p, number of (top-level) tags: 3
2021-02-20 10:40:50.370716: Printing kind: g, number of (top-level) tags: 0
2021-02-20 10:40:50.370872: Printing kind: e, number of (top-level) tags: 0
2021-02-20 10:40:50.371022: Printing kind: t, number of (top-level) tags: 0
2021-02-20 10:40:50.371169: Printing kind: s, number of (top-level) tags: 0
2021-02-20 10:40:50.371314: Printing kind: u, number of (top-level) tags: 0
2021-02-20 10:40:50.371448: Printing kind: m, number of (top-level) tags: 0
2021-02-20 10:40:50.371562: Printing kind: v, number of (top-level) tags: 10
2021-02-20 10:40:50.372739: Printing kind: f, number of (top-level) tags: 15
2021-02-20 10:40:50.374397: Printing kind: ?, number of (top-level) tags: 0
2021-02-20 10:40:52.406022: RenderContent called
2021-02-20 10:40:52.406562: Redisplaying file [/root/Device_Driver/007_gpio_sysfs/pcd_platform_driver.c]
2021-02-20 10:40:52.408374: PrintKinds called
2021-02-20 10:40:52.408754: Printing kind: d, number of (top-level) tags: 0
2021-02-20 10:40:52.409013: Printing kind: p, number of (top-level) tags: 3
2021-02-20 10:40:52.409445: Printing kind: g, number of (top-level) tags: 0
2021-02-20 10:40:52.409657: Printing kind: e, number of (top-level) tags: 0
2021-02-20 10:40:52.409914: Printing kind: t, number of (top-level) tags: 0
2021-02-20 10:40:52.410125: Printing kind: s, number of (top-level) tags: 0
2021-02-20 10:40:52.410325: Printing kind: u, number of (top-level) tags: 0
2021-02-20 10:40:52.410524: Printing kind: m, number of (top-level) tags: 0
2021-02-20 10:40:52.410660: Printing kind: v, number of (top-level) tags: 10
2021-02-20 10:40:52.410881: Printing kind: f, number of (top-level) tags: 15
2021-02-20 10:40:52.411083: Printing kind: ?, number of (top-level) tags: 0
2021-02-20 10:40:55.248796: RenderContent called
2021-02-20 10:40:55.249345: Redisplaying file [/root/Device_Driver/007_gpio_sysfs/pcd_platform_driver.c]
2021-02-20 10:40:55.251194: PrintKinds called
2021-02-20 10:40:55.251425: Printing kind: d, number of (top-level) tags: 0
2021-02-20 10:40:55.251627: Printing kind: p, number of (top-level) tags: 3
2021-02-20 10:40:55.252649: Printing kind: g, number of (top-level) tags: 0
2021-02-20 10:40:55.252905: Printing kind: e, number of (top-level) tags: 0
2021-02-20 10:40:55.253112: Printing kind: t, number of (top-level) tags: 0
2021-02-20 10:40:55.253315: Printing kind: s, number of (top-level) tags: 0
2021-02-20 10:40:55.253517: Printing kind: u, number of (top-level) tags: 0
2021-02-20 10:40:55.253797: Printing kind: m, number of (top-level) tags: 0
2021-02-20 10:40:55.253951: Printing kind: v, number of (top-level) tags: 10
2021-02-20 10:40:55.255171: Printing kind: f, number of (top-level) tags: 15
2021-02-20 10:40:55.256830: Printing kind: ?, number of (top-level) tags: 0
2021-02-20 10:41:27.945242: CloseWindow called
2021-02-20 10:41:27.967688: AutoUpdate called [/root/Device_Driver/007_gpio_sysfs/pcd_platform_driver.c]
2021-02-20 10:41:27.968002: Vim filetype: 'c', sanitized filetype: 'c'
2021-02-20 10:41:27.968109: Checking if file is valid [/root/Device_Driver/007_gpio_sysfs/pcd_platform_driver.c]
2021-02-20 10:41:27.968382: File data seems up to date [/root/Device_Driver/007_gpio_sysfs/pcd_platform_driver.c]
2021-02-20 10:41:27.968631: Setting current file [/root/Device_Driver/007_gpio_sysfs/pcd_platform_driver.c]
2021-02-20 10:41:27.969213: AutoUpdate finished successfully
2021-02-20 10:41:27.969342: goto_win(): wincmd p, 0
2021-02-20 10:41:27.969526: CloseWindow finished
2021-02-20 10:41:31.553299: ToggleWindow called
2021-02-20 10:41:31.553745: OpenWindow called with flags: ''
2021-02-20 10:41:31.569442: AutoUpdate called [/root/Device_Driver/007_gpio_sysfs/__Tagbar__.1]
2021-02-20 10:41:31.569671: Still opening window, stopping processing
2021-02-20 10:41:31.583474: InitWindow called with autoclose: 0
2021-02-20 10:41:31.584932: AutoUpdate called [/root/Device_Driver/007_gpio_sysfs/__Tagbar__.1]
2021-02-20 10:41:31.585079: In Tagbar window, stopping processing
2021-02-20 10:41:31.588216: InitWindow finished
2021-02-20 10:41:31.588291: AutoUpdate called [/root/Device_Driver/007_gpio_sysfs/pcd_platform_driver.c]
2021-02-20 10:41:31.588386: Vim filetype: 'c', sanitized filetype: 'c'
2021-02-20 10:41:31.588441: Checking if file is valid [/root/Device_Driver/007_gpio_sysfs/pcd_platform_driver.c]
2021-02-20 10:41:31.588608: File data seems up to date [/root/Device_Driver/007_gpio_sysfs/pcd_platform_driver.c]
2021-02-20 10:41:31.588728: RenderContent called
2021-02-20 10:41:31.588879: Redisplaying file [/root/Device_Driver/007_gpio_sysfs/pcd_platform_driver.c]
2021-02-20 10:41:31.589749: PrintKinds called
2021-02-20 10:41:31.589874: Printing kind: d, number of (top-level) tags: 0
2021-02-20 10:41:31.589966: Printing kind: p, number of (top-level) tags: 3
2021-02-20 10:41:31.590420: Printing kind: g, number of (top-level) tags: 0
2021-02-20 10:41:31.590511: Printing kind: e, number of (top-level) tags: 0
2021-02-20 10:41:31.590596: Printing kind: t, number of (top-level) tags: 0
2021-02-20 10:41:31.590682: Printing kind: s, number of (top-level) tags: 0
2021-02-20 10:41:31.590766: Printing kind: u, number of (top-level) tags: 0
2021-02-20 10:41:31.590849: Printing kind: m, number of (top-level) tags: 0
2021-02-20 10:41:31.590933: Printing kind: v, number of (top-level) tags: 10
2021-02-20 10:41:31.591855: Printing kind: f, number of (top-level) tags: 15
2021-02-20 10:41:31.593136: Printing kind: ?, number of (top-level) tags: 0
2021-02-20 10:41:31.593481: Setting current file [/root/Device_Driver/007_gpio_sysfs/pcd_platform_driver.c]
2021-02-20 10:41:31.623140: AutoUpdate finished successfully
2021-02-20 10:41:31.623399: RenderContent called
2021-02-20 10:41:31.623505: Redisplaying file [/root/Device_Driver/007_gpio_sysfs/pcd_platform_driver.c]
2021-02-20 10:41:31.624027: PrintKinds called
2021-02-20 10:41:31.624105: Printing kind: d, number of (top-level) tags: 0
2021-02-20 10:41:31.624179: Printing kind: p, number of (top-level) tags: 3
2021-02-20 10:41:31.624433: Printing kind: g, number of (top-level) tags: 0
2021-02-20 10:41:31.624485: Printing kind: e, number of (top-level) tags: 0
2021-02-20 10:41:31.624536: Printing kind: t, number of (top-level) tags: 0
2021-02-20 10:41:31.624586: Printing kind: s, number of (top-level) tags: 0
2021-02-20 10:41:31.624638: Printing kind: u, number of (top-level) tags: 0
2021-02-20 10:41:31.624688: Printing kind: m, number of (top-level) tags: 0
2021-02-20 10:41:31.624737: Printing kind: v, number of (top-level) tags: 10
2021-02-20 10:41:31.625284: Printing kind: f, number of (top-level) tags: 15
2021-02-20 10:41:31.626232: Printing kind: ?, number of (top-level) tags: 0
2021-02-20 10:41:31.637852: Highlight pattern: '/^\%64l\s*[▼▶ ][-+# ]\?\zs\Vwrite\m\ze/'
2021-02-20 10:41:31.652157: AutoUpdate called [/root/Device_Driver/007_gpio_sysfs/pcd_platform_driver.c]
2021-02-20 10:41:31.652240: Vim filetype: 'c', sanitized filetype: 'c'
2021-02-20 10:41:31.652264: Checking if file is valid [/root/Device_Driver/007_gpio_sysfs/pcd_platform_driver.c]
2021-02-20 10:41:31.652335: File data seems up to date [/root/Device_Driver/007_gpio_sysfs/pcd_platform_driver.c]
2021-02-20 10:41:31.652404: Setting current file [/root/Device_Driver/007_gpio_sysfs/pcd_platform_driver.c]
2021-02-20 10:41:31.652540: goto_win(): wincmd p, 1
2021-02-20 10:41:31.652595: goto_win(): 2wincmd w, 1
2021-02-20 10:41:31.653681: goto_win(): 2wincmd w, 1
2021-02-20 10:41:31.653759: goto_win(): 1wincmd w, 1
2021-02-20 10:41:31.653798: AutoUpdate finished successfully
2021-02-20 10:41:31.653829: OpenWindow finished
2021-02-20 10:41:31.653849: ToggleWindow finished
2021-02-20 10:41:35.738540: AutoUpdate called [/root/Device_Driver/007_gpio_sysfs/__Tagbar__.1]
2021-02-20 10:41:35.738805: In Tagbar window, stopping processing
2021-02-20 10:41:39.408047: RenderContent called
2021-02-20 10:41:39.408620: Redisplaying file [/root/Device_Driver/007_gpio_sysfs/pcd_platform_driver.c]
2021-02-20 10:41:39.409469: PrintKinds called
2021-02-20 10:41:39.409750: Printing kind: d, number of (top-level) tags: 0
2021-02-20 10:41:39.410233: Printing kind: p, number of (top-level) tags: 3
2021-02-20 10:41:39.411337: Printing kind: g, number of (top-level) tags: 0
2021-02-20 10:41:39.411539: Printing kind: e, number of (top-level) tags: 0
2021-02-20 10:41:39.411694: Printing kind: t, number of (top-level) tags: 0
2021-02-20 10:41:39.411980: Printing kind: s, number of (top-level) tags: 0
2021-02-20 10:41:39.412287: Printing kind: u, number of (top-level) tags: 0
2021-02-20 10:41:39.412517: Printing kind: m, number of (top-level) tags: 0
2021-02-20 10:41:39.412728: Printing kind: v, number of (top-level) tags: 10
2021-02-20 10:41:39.414707: Printing kind: f, number of (top-level) tags: 15
2021-02-20 10:41:39.416300: Printing kind: ?, number of (top-level) tags: 0
2021-02-20 10:41:41.065094: RenderContent called
2021-02-20 10:41:41.065892: Redisplaying file [/root/Device_Driver/007_gpio_sysfs/pcd_platform_driver.c]
2021-02-20 10:41:41.068415: PrintKinds called
2021-02-20 10:41:41.068793: Printing kind: d, number of (top-level) tags: 0
2021-02-20 10:41:41.069012: Printing kind: p, number of (top-level) tags: 3
2021-02-20 10:41:41.070009: Printing kind: g, number of (top-level) tags: 0
2021-02-20 10:41:41.070196: Printing kind: e, number of (top-level) tags: 0
2021-02-20 10:41:41.070350: Printing kind: t, number of (top-level) tags: 0
2021-02-20 10:41:41.070506: Printing kind: s, number of (top-level) tags: 0
2021-02-20 10:41:41.070653: Printing kind: u, number of (top-level) tags: 0
2021-02-20 10:41:41.070805: Printing kind: m, number of (top-level) tags: 0
2021-02-20 10:41:41.070951: Printing kind: v, number of (top-level) tags: 10
2021-02-20 10:41:41.072417: Printing kind: f, number of (top-level) tags: 15
2021-02-20 10:41:41.074165: Printing kind: ?, number of (top-level) tags: 0
2021-02-20 10:41:41.282276: RenderContent called
2021-02-20 10:41:41.282711: Redisplaying file [/root/Device_Driver/007_gpio_sysfs/pcd_platform_driver.c]
2021-02-20 10:41:41.283107: PrintKinds called
2021-02-20 10:41:41.283433: Printing kind: d, number of (top-level) tags: 0
2021-02-20 10:41:41.283554: Printing kind: p, number of (top-level) tags: 3
2021-02-20 10:41:41.284027: Printing kind: g, number of (top-level) tags: 0
2021-02-20 10:41:41.284127: Printing kind: e, number of (top-level) tags: 0
2021-02-20 10:41:41.284246: Printing kind: t, number of (top-level) tags: 0
2021-02-20 10:41:41.284342: Printing kind: s, number of (top-level) tags: 0
2021-02-20 10:41:41.284438: Printing kind: u, number of (top-level) tags: 0
2021-02-20 10:41:41.284532: Printing kind: m, number of (top-level) tags: 0
2021-02-20 10:41:41.284626: Printing kind: v, number of (top-level) tags: 10
2021-02-20 10:41:41.285700: Printing kind: f, number of (top-level) tags: 15
2021-02-20 10:41:41.288550: Printing kind: ?, number of (top-level) tags: 0
2021-02-20 10:41:41.765390: RenderContent called
2021-02-20 10:41:41.765909: Redisplaying file [/root/Device_Driver/007_gpio_sysfs/pcd_platform_driver.c]
2021-02-20 10:41:41.767446: PrintKinds called
2021-02-20 10:41:41.767683: Printing kind: d, number of (top-level) tags: 0
2021-02-20 10:41:41.767809: Printing kind: p, number of (top-level) tags: 3
2021-02-20 10:41:41.768419: Printing kind: g, number of (top-level) tags: 0
2021-02-20 10:41:41.768542: Printing kind: e, number of (top-level) tags: 0
2021-02-20 10:41:41.768659: Printing kind: t, number of (top-level) tags: 0
2021-02-20 10:41:41.768775: Printing kind: s, number of (top-level) tags: 0
2021-02-20 10:41:41.768891: Printing kind: u, number of (top-level) tags: 0
2021-02-20 10:41:41.769006: Printing kind: m, number of (top-level) tags: 0
2021-02-20 10:41:41.769122: Printing kind: v, number of (top-level) tags: 10
2021-02-20 10:41:41.770459: Printing kind: f, number of (top-level) tags: 15
2021-02-20 10:41:41.771906: Printing kind: ?, number of (top-level) tags: 0
2021-02-20 10:41:42.411642: RenderContent called
2021-02-20 10:41:42.412069: Redisplaying file [/root/Device_Driver/007_gpio_sysfs/pcd_platform_driver.c]
2021-02-20 10:41:42.412607: PrintKinds called
2021-02-20 10:41:42.412822: Printing kind: d, number of (top-level) tags: 0
2021-02-20 10:41:42.412949: Printing kind: p, number of (top-level) tags: 3
2021-02-20 10:41:42.413544: Printing kind: g, number of (top-level) tags: 0
2021-02-20 10:41:42.413668: Printing kind: e, number of (top-level) tags: 0
2021-02-20 10:41:42.413784: Printing kind: t, number of (top-level) tags: 0
2021-02-20 10:41:42.413899: Printing kind: s, number of (top-level) tags: 0
2021-02-20 10:41:42.414063: Printing kind: u, number of (top-level) tags: 0
2021-02-20 10:41:42.414242: Printing kind: m, number of (top-level) tags: 0
2021-02-20 10:41:42.414372: Printing kind: v, number of (top-level) tags: 10
2021-02-20 10:41:42.415622: Printing kind: f, number of (top-level) tags: 15
2021-02-20 10:41:42.417216: Printing kind: ?, number of (top-level) tags: 0
2021-02-20 10:41:44.926662: CloseWindow called
2021-02-20 10:41:44.947671: AutoUpdate called [/root/Device_Driver/007_gpio_sysfs/pcd_platform_driver.c]
2021-02-20 10:41:44.947909: Vim filetype: 'c', sanitized filetype: 'c'
2021-02-20 10:41:44.947987: Checking if file is valid [/root/Device_Driver/007_gpio_sysfs/pcd_platform_driver.c]
2021-02-20 10:41:44.948265: File data seems up to date [/root/Device_Driver/007_gpio_sysfs/pcd_platform_driver.c]
2021-02-20 10:41:44.948448: Setting current file [/root/Device_Driver/007_gpio_sysfs/pcd_platform_driver.c]
2021-02-20 10:41:44.948943: AutoUpdate finished successfully
2021-02-20 10:41:44.949052: goto_win(): wincmd p, 0
2021-02-20 10:41:44.949230: CloseWindow finished
